2021-12-27 04:03:31,346:INFO:PyCaret Supervised Module
2021-12-27 04:03:31,346:INFO:ML Usecase: anomaly
2021-12-27 04:03:31,346:INFO:version 2.3.5
2021-12-27 04:03:31,346:INFO:Initializing setup()
2021-12-27 04:03:31,346:INFO:setup(target=None, ml_usecase=anomaly, available_plots={'tsne': 'Anomaly TSnE (3d)', 'umap': 'UMAP Dimensionality'}, train_size=0.7, test_data=None, preprocess=True, imputation_type=simple, iterative_imputation_iters=5, categorical_features=None, categorical_imputation=mode, categorical_iterative_imputer=lightgbm, ordinal_features=None, high_cardinality_features=None, high_cardinality_method=frequency, numeric_features=None, numeric_imputation=mean, numeric_iterative_imputer=lightgbm, date_features=None, ignore_features=None, normalize=False, normalize_method=zscore, transformation=False, transformation_method=yeo-johnson, handle_unknown_categorical=True, unknown_categorical_method=least_frequent, pca=False, pca_method=linear, pca_components=None, ignore_low_variance=False, combine_rare_levels=False, rare_level_threshold=0.1, bin_numeric_features=None, remove_outliers=False, outliers_threshold=0.05, remove_multicollinearity=False, multicollinearity_threshold=0.9, remove_perfect_collinearity=False, create_clusters=False, cluster_iter=20, polynomial_features=False, polynomial_degree=2, trigonometry_features=False, polynomial_threshold=0.1, group_features=None, group_names=None, feature_selection=False, feature_selection_threshold=0.8, feature_selection_method=classic, feature_interaction=False, feature_ratio=False, interaction_threshold=0.01, fix_imbalance=False, fix_imbalance_method=None, transform_target=False, transform_target_method=box-cox, data_split_shuffle=False, data_split_stratify=False, fold_strategy=kfold, fold=10, fold_shuffle=False, fold_groups=None, n_jobs=-1, use_gpu=False, custom_pipeline=None, html=True, session_id=123, log_experiment=False, experiment_name=None, log_plots=False, log_profile=False, log_data=False, silent=False, verbose=True, profile=False, profile_kwargs=None, display=None)
2021-12-27 04:03:31,346:INFO:Checking environment
2021-12-27 04:03:31,346:INFO:python_version: 3.8.12
2021-12-27 04:03:31,346:INFO:python_build: ('default', 'Oct 12 2021 06:23:56')
2021-12-27 04:03:31,346:INFO:machine: x86_64
2021-12-27 04:03:31,346:INFO:platform: macOS-10.16-x86_64-i386-64bit
2021-12-27 04:03:31,347:INFO:Memory: svmem(total=17179869184, available=6448001024, percent=62.5, used=8175333376, free=988549120, active=5334667264, inactive=5294026752, wired=2840666112)
2021-12-27 04:03:31,347:INFO:Physical Core: 4
2021-12-27 04:03:31,347:INFO:Logical Core: 8
2021-12-27 04:03:31,347:INFO:Checking libraries
2021-12-27 04:03:31,347:INFO:pd==1.3.5
2021-12-27 04:03:31,347:INFO:numpy==1.19.5
2021-12-27 04:03:31,347:INFO:sklearn==0.23.2
2021-12-27 04:03:31,347:INFO:lightgbm==3.3.1
2021-12-27 04:03:31,732:INFO:catboost==1.0.3
2021-12-27 04:03:32,015:INFO:xgboost==1.5.1
2021-12-27 04:03:32,677:INFO:mlflow==1.22.0
2021-12-27 04:03:32,678:INFO:Checking Exceptions
2021-12-27 04:03:32,678:INFO:Declaring global variables
2021-12-27 04:03:32,678:INFO:USI: 6e50
2021-12-27 04:03:32,678:INFO:pycaret_globals: {'seed', 'n_jobs_param', 'log_plots_param', 'display_container', 'iterative_imputation_iters_param', 'gpu_param', '_gpu_n_jobs_param', '_ml_usecase', 'fold_shuffle_param', 'transform_target_method_param', 'data_before_preprocess', 'master_model_container', 'fold_groups_param_full', '_all_metrics', '_internal_pipeline', 'X', 'fold_groups_param', '_all_models', 'fold_param', 'experiment__', 'logging_param', 'imputation_classifier', 'create_model_container', 'pycaret_globals', 'exp_name_log', '_all_models_internal', 'fix_imbalance_param', 'html_param', 'imputation_regressor', 'fix_imbalance_method_param', 'stratify_param', 'fold_generator', 'prep_pipe', 'transform_target_param', 'target_param', 'USI', '_available_plots'}
2021-12-27 04:03:32,678:INFO:Preparing display monitor
2021-12-27 04:03:32,678:INFO:Preparing display monitor
2021-12-27 04:03:32,690:INFO:Importing libraries
2021-12-27 04:03:32,691:INFO:Copying data for preprocessing
2021-12-27 04:03:32,701:INFO:Declaring preprocessing parameters
2021-12-27 04:03:32,706:INFO:Creating preprocessing pipeline
2021-12-27 04:03:32,718:INFO:Preprocessing pipeline created successfully
2021-12-27 04:03:32,718:ERROR:(Process Exit): setup has been interupted with user command 'quit'. setup must rerun.
2021-12-27 04:03:32,718:INFO:Creating global containers
2021-12-27 04:03:32,720:INFO:Internal pipeline: Pipeline(memory=None, steps=[('empty_step', 'passthrough')], verbose=False)
2021-12-27 04:03:47,437:INFO:Creating grid variables
2021-12-27 04:03:47,448:INFO:create_model_container: 0
2021-12-27 04:03:47,448:INFO:master_model_container: 0
2021-12-27 04:03:47,449:INFO:display_container: 1
2021-12-27 04:03:47,455:INFO:Pipeline(memory=None,
         steps=[('dtypes',
                 DataTypes_Auto_infer(categorical_features=[],
                                      display_types=True, features_todrop=[],
                                      id_columns=[], ml_usecase='regression',
                                      numerical_features=[],
                                      target='UNSUPERVISED_DUMMY_TARGET',
                                      time_features=[])),
                ('imputer',
                 Simple_Imputer(categorical_strategy='most frequent',
                                fill_value_categorical=None,
                                fill_value_numerical=None...
                ('scaling', 'passthrough'), ('P_transform', 'passthrough'),
                ('binn', 'passthrough'), ('rem_outliers', 'passthrough'),
                ('cluster_all', 'passthrough'),
                ('dummy', Dummify(target='UNSUPERVISED_DUMMY_TARGET')),
                ('fix_perfect', 'passthrough'),
                ('clean_names', Clean_Colum_Names()),
                ('feature_select', 'passthrough'), ('fix_multi', 'passthrough'),
                ('dfs', 'passthrough'), ('pca', 'passthrough')],
         verbose=False)
2021-12-27 04:03:47,455:INFO:setup() succesfully completed......................................
2021-12-27 04:04:05,361:INFO:gpu_param set to False
2021-12-27 04:04:19,280:INFO:Initializing create_model()
2021-12-27 04:04:19,280:INFO:create_model(estimator=iforest, num_clusters=4, fraction=0.1, ground_truth=None, round=4, fit_kwargs=None, verbose=True, system=True, add_to_model_list=True, raise_num_clusters=False, display=None, kwargs={})
2021-12-27 04:04:19,280:INFO:Checking exceptions
2021-12-27 04:04:19,280:INFO:Preparing display monitor
2021-12-27 04:04:19,297:INFO:Importing libraries
2021-12-27 04:04:19,309:INFO:Importing untrained model
2021-12-27 04:04:19,320:INFO:Isolation Forest Imported succesfully
2021-12-27 04:04:19,336:INFO:Fitting Model
2021-12-27 04:04:20,324:INFO:IForest(behaviour='new', bootstrap=False, contamination=0.1, max_features=1.0,
    max_samples='auto', n_estimators=100, n_jobs=-1, random_state=123,
    verbose=0)
2021-12-27 04:04:20,324:INFO:create_models() succesfully completed......................................
2021-12-27 04:04:20,325:INFO:Uploading results into container
2021-12-27 04:04:20,326:INFO:Uploading model into container now
2021-12-27 04:04:20,327:INFO:create_model_container: 1
2021-12-27 04:04:20,327:INFO:master_model_container: 1
2021-12-27 04:04:20,327:INFO:display_container: 2
2021-12-27 04:04:20,328:INFO:IForest(behaviour='new', bootstrap=False, contamination=0.1, max_features=1.0,
    max_samples='auto', n_estimators=100, n_jobs=-1, random_state=123,
    verbose=0)
2021-12-27 04:04:20,328:INFO:create_model() succesfully completed......................................
2021-12-27 04:04:20,428:INFO:Initializing assign_model()
2021-12-27 04:04:20,428:INFO:assign_model(model=IForest(behaviour='new', bootstrap=False, contamination=0.1, max_features=1.0,
    max_samples='auto', n_estimators=100, n_jobs=-1, random_state=123,
    verbose=0), transformation=False, score=True, verbose=True)
2021-12-27 04:04:20,428:INFO:Checking exceptions
2021-12-27 04:04:20,428:INFO:Determining Trained Model
2021-12-27 04:04:20,429:INFO:Trained Model : Isolation Forest
2021-12-27 04:04:20,429:INFO:Copying data
2021-12-27 04:04:20,431:INFO:(5160, 9)
2021-12-27 04:04:20,431:INFO:assign_model() succesfully completed......................................
2021-12-27 04:06:06,757:INFO:PyCaret Supervised Module
2021-12-27 04:06:06,757:INFO:ML Usecase: anomaly
2021-12-27 04:06:06,757:INFO:version 2.3.5
2021-12-27 04:06:06,757:INFO:Initializing setup()
2021-12-27 04:06:06,757:INFO:setup(target=None, ml_usecase=anomaly, available_plots={'tsne': 'Anomaly TSnE (3d)', 'umap': 'UMAP Dimensionality'}, train_size=0.7, test_data=None, preprocess=True, imputation_type=simple, iterative_imputation_iters=5, categorical_features=None, categorical_imputation=mode, categorical_iterative_imputer=lightgbm, ordinal_features=None, high_cardinality_features=None, high_cardinality_method=frequency, numeric_features=None, numeric_imputation=mean, numeric_iterative_imputer=lightgbm, date_features=None, ignore_features=None, normalize=False, normalize_method=zscore, transformation=False, transformation_method=yeo-johnson, handle_unknown_categorical=True, unknown_categorical_method=least_frequent, pca=False, pca_method=linear, pca_components=None, ignore_low_variance=False, combine_rare_levels=False, rare_level_threshold=0.1, bin_numeric_features=None, remove_outliers=False, outliers_threshold=0.05, remove_multicollinearity=False, multicollinearity_threshold=0.9, remove_perfect_collinearity=False, create_clusters=False, cluster_iter=20, polynomial_features=False, polynomial_degree=2, trigonometry_features=False, polynomial_threshold=0.1, group_features=None, group_names=None, feature_selection=False, feature_selection_threshold=0.8, feature_selection_method=classic, feature_interaction=False, feature_ratio=False, interaction_threshold=0.01, fix_imbalance=False, fix_imbalance_method=None, transform_target=False, transform_target_method=box-cox, data_split_shuffle=False, data_split_stratify=False, fold_strategy=kfold, fold=10, fold_shuffle=False, fold_groups=None, n_jobs=-1, use_gpu=False, custom_pipeline=None, html=True, session_id=123, log_experiment=False, experiment_name=None, log_plots=False, log_profile=False, log_data=False, silent=False, verbose=True, profile=False, profile_kwargs=None, display=None)
2021-12-27 04:06:06,757:INFO:Checking environment
2021-12-27 04:06:06,757:INFO:python_version: 3.8.12
2021-12-27 04:06:06,757:INFO:python_build: ('default', 'Oct 12 2021 06:23:56')
2021-12-27 04:06:06,757:INFO:machine: x86_64
2021-12-27 04:06:06,757:INFO:platform: macOS-10.16-x86_64-i386-64bit
2021-12-27 04:06:06,758:INFO:Memory: svmem(total=17179869184, available=6411419648, percent=62.7, used=8234328064, free=926064640, active=5382623232, inactive=5109166080, wired=2851704832)
2021-12-27 04:06:06,758:INFO:Physical Core: 4
2021-12-27 04:06:06,758:INFO:Logical Core: 8
2021-12-27 04:06:06,758:INFO:Checking libraries
2021-12-27 04:06:06,758:INFO:pd==1.3.5
2021-12-27 04:06:06,758:INFO:numpy==1.19.5
2021-12-27 04:06:06,758:INFO:sklearn==0.23.2
2021-12-27 04:06:06,758:INFO:lightgbm==3.3.1
2021-12-27 04:06:06,758:INFO:catboost==1.0.3
2021-12-27 04:06:06,758:INFO:xgboost==1.5.1
2021-12-27 04:06:06,758:INFO:mlflow==1.22.0
2021-12-27 04:06:06,758:INFO:Checking Exceptions
2021-12-27 04:06:06,759:INFO:Declaring global variables
2021-12-27 04:06:06,759:INFO:USI: 62ac
2021-12-27 04:06:06,759:INFO:pycaret_globals: {'seed', 'n_jobs_param', 'log_plots_param', 'display_container', 'iterative_imputation_iters_param', 'gpu_param', '_gpu_n_jobs_param', '_ml_usecase', 'fold_shuffle_param', 'transform_target_method_param', 'data_before_preprocess', 'master_model_container', 'fold_groups_param_full', '_all_metrics', '_internal_pipeline', 'X', 'fold_groups_param', '_all_models', 'fold_param', 'experiment__', 'logging_param', 'imputation_classifier', 'create_model_container', 'pycaret_globals', 'exp_name_log', '_all_models_internal', 'fix_imbalance_param', 'html_param', 'imputation_regressor', 'fix_imbalance_method_param', 'stratify_param', 'fold_generator', 'prep_pipe', 'transform_target_param', 'target_param', 'USI', '_available_plots'}
2021-12-27 04:06:06,759:INFO:Preparing display monitor
2021-12-27 04:06:06,759:INFO:Preparing display monitor
2021-12-27 04:06:06,780:INFO:Importing libraries
2021-12-27 04:06:06,780:INFO:Copying data for preprocessing
2021-12-27 04:06:06,791:INFO:Declaring preprocessing parameters
2021-12-27 04:06:06,794:INFO:Creating preprocessing pipeline
2021-12-27 04:06:06,800:INFO:Preprocessing pipeline created successfully
2021-12-27 04:06:06,800:ERROR:(Process Exit): setup has been interupted with user command 'quit'. setup must rerun.
2021-12-27 04:06:06,801:INFO:Creating global containers
2021-12-27 04:06:06,801:INFO:Internal pipeline: Pipeline(memory=None, steps=[('empty_step', 'passthrough')], verbose=False)
2021-12-27 04:06:09,181:INFO:Creating grid variables
2021-12-27 04:06:09,194:INFO:create_model_container: 0
2021-12-27 04:06:09,195:INFO:master_model_container: 0
2021-12-27 04:06:09,195:INFO:display_container: 1
2021-12-27 04:06:09,200:INFO:Pipeline(memory=None,
         steps=[('dtypes',
                 DataTypes_Auto_infer(categorical_features=[],
                                      display_types=True, features_todrop=[],
                                      id_columns=[], ml_usecase='regression',
                                      numerical_features=[],
                                      target='UNSUPERVISED_DUMMY_TARGET',
                                      time_features=[])),
                ('imputer',
                 Simple_Imputer(categorical_strategy='most frequent',
                                fill_value_categorical=None,
                                fill_value_numerical=None...
                ('scaling', 'passthrough'), ('P_transform', 'passthrough'),
                ('binn', 'passthrough'), ('rem_outliers', 'passthrough'),
                ('cluster_all', 'passthrough'),
                ('dummy', Dummify(target='UNSUPERVISED_DUMMY_TARGET')),
                ('fix_perfect', 'passthrough'),
                ('clean_names', Clean_Colum_Names()),
                ('feature_select', 'passthrough'), ('fix_multi', 'passthrough'),
                ('dfs', 'passthrough'), ('pca', 'passthrough')],
         verbose=False)
2021-12-27 04:06:09,201:INFO:setup() succesfully completed......................................
2021-12-27 04:06:12,639:INFO:gpu_param set to False
2021-12-27 04:08:29,493:INFO:Initializing create_model()
2021-12-27 04:08:29,494:INFO:create_model(estimator=knn, num_clusters=4, fraction=0.05, ground_truth=None, round=4, fit_kwargs=None, verbose=True, system=True, add_to_model_list=True, raise_num_clusters=False, display=None, kwargs={})
2021-12-27 04:08:29,494:INFO:Checking exceptions
2021-12-27 04:08:29,495:INFO:Preparing display monitor
2021-12-27 04:08:29,509:INFO:Importing libraries
2021-12-27 04:08:29,520:INFO:Importing untrained model
2021-12-27 04:08:29,535:INFO:K-Nearest Neighbors Detector Imported succesfully
2021-12-27 04:08:29,551:INFO:Fitting Model
2021-12-27 04:08:29,574:INFO:KNN(algorithm='auto', contamination=0.05, leaf_size=30, method='largest',
  metric='minkowski', metric_params=None, n_jobs=-1, n_neighbors=5, p=2,
  radius=1.0)
2021-12-27 04:08:29,574:INFO:create_models() succesfully completed......................................
2021-12-27 04:08:29,576:INFO:Uploading results into container
2021-12-27 04:08:29,577:INFO:Uploading model into container now
2021-12-27 04:08:29,578:INFO:create_model_container: 1
2021-12-27 04:08:29,578:INFO:master_model_container: 1
2021-12-27 04:08:29,578:INFO:display_container: 2
2021-12-27 04:08:29,579:INFO:KNN(algorithm='auto', contamination=0.05, leaf_size=30, method='largest',
  metric='minkowski', metric_params=None, n_jobs=-1, n_neighbors=5, p=2,
  radius=1.0)
2021-12-27 04:08:29,579:INFO:create_model() succesfully completed......................................
2021-12-27 04:08:33,293:INFO:Initializing create_model()
2021-12-27 04:08:33,293:INFO:create_model(estimator=knn, num_clusters=4, fraction=0.05, ground_truth=None, round=4, fit_kwargs=None, verbose=True, system=True, add_to_model_list=True, raise_num_clusters=False, display=None, kwargs={})
2021-12-27 04:08:33,293:INFO:Checking exceptions
2021-12-27 04:08:33,294:INFO:Preparing display monitor
2021-12-27 04:08:33,308:INFO:Importing libraries
2021-12-27 04:08:33,318:INFO:Importing untrained model
2021-12-27 04:08:33,333:INFO:K-Nearest Neighbors Detector Imported succesfully
2021-12-27 04:08:33,349:INFO:Fitting Model
2021-12-27 04:08:33,368:INFO:KNN(algorithm='auto', contamination=0.05, leaf_size=30, method='largest',
  metric='minkowski', metric_params=None, n_jobs=-1, n_neighbors=5, p=2,
  radius=1.0)
2021-12-27 04:08:33,369:INFO:create_models() succesfully completed......................................
2021-12-27 04:08:33,370:INFO:Uploading results into container
2021-12-27 04:08:33,371:INFO:Uploading model into container now
2021-12-27 04:08:33,372:INFO:create_model_container: 2
2021-12-27 04:08:33,373:INFO:master_model_container: 2
2021-12-27 04:08:33,373:INFO:display_container: 3
2021-12-27 04:08:33,373:INFO:KNN(algorithm='auto', contamination=0.05, leaf_size=30, method='largest',
  metric='minkowski', metric_params=None, n_jobs=-1, n_neighbors=5, p=2,
  radius=1.0)
2021-12-27 04:08:33,374:INFO:create_model() succesfully completed......................................
2021-12-27 04:08:57,939:INFO:Initializing plot_model()
2021-12-27 04:08:57,939:INFO:plot_model(fold=None, use_train_data=False, verbose=True, is_in_evaluate=False, display=None, display_format=None, estimator=KNN(algorithm='auto', contamination=0.05, leaf_size=30, method='largest',
  metric='minkowski', metric_params=None, n_jobs=-1, n_neighbors=5, p=2,
  radius=1.0), feature_name=None, fit_kwargs=None, groups=None, label=False, plot=tsne, save=False, scale=1, system=True)
2021-12-27 04:08:57,940:INFO:Checking exceptions
2021-12-27 04:08:57,940:INFO:Preparing display monitor
2021-12-27 04:08:57,951:INFO:Preloading libraries
2021-12-27 04:08:57,953:INFO:Copying training dataset
2021-12-27 04:08:57,953:INFO:Plot type: tsne
2021-12-27 04:08:57,955:INFO:SubProcess assign_model() called ==================================
2021-12-27 04:08:57,955:INFO:Initializing assign_model()
2021-12-27 04:08:57,956:INFO:assign_model(model=KNN(algorithm='auto', contamination=0.05, leaf_size=30, method='largest',
  metric='minkowski', metric_params=None, n_jobs=-1, n_neighbors=5, p=2,
  radius=1.0), transformation=True, score=False, verbose=False)
2021-12-27 04:08:57,956:INFO:Checking exceptions
2021-12-27 04:08:57,956:INFO:Determining Trained Model
2021-12-27 04:08:57,957:INFO:Trained Model : K-Nearest Neighbors Detector
2021-12-27 04:08:57,957:INFO:Copying data
2021-12-27 04:08:57,957:INFO:Transformation param set to True. Assigned clusters are attached on transformed dataset.
2021-12-27 04:08:57,958:INFO:(2500, 2)
2021-12-27 04:08:57,959:INFO:assign_model() succesfully completed......................................
2021-12-27 04:08:57,959:INFO:SubProcess assign_model() end ==================================
2021-12-27 04:08:57,962:INFO:Getting dummies to cast categorical variables
2021-12-27 04:08:57,962:INFO:Fitting TSNE()
2021-12-27 04:09:14,461:INFO:Rendering Visual
2021-12-27 04:09:14,623:INFO:Visual Rendered Successfully
2021-12-27 04:09:14,739:INFO:plot_model() succesfully completed......................................
2021-12-27 04:11:47,424:INFO:PyCaret Supervised Module
2021-12-27 04:11:47,424:INFO:ML Usecase: anomaly
2021-12-27 04:11:47,424:INFO:version 2.3.5
2021-12-27 04:11:47,424:INFO:Initializing setup()
2021-12-27 04:11:47,424:INFO:setup(target=None, ml_usecase=anomaly, available_plots={'tsne': 'Anomaly TSnE (3d)', 'umap': 'UMAP Dimensionality'}, train_size=0.7, test_data=None, preprocess=True, imputation_type=simple, iterative_imputation_iters=5, categorical_features=None, categorical_imputation=mode, categorical_iterative_imputer=lightgbm, ordinal_features=None, high_cardinality_features=None, high_cardinality_method=frequency, numeric_features=None, numeric_imputation=mean, numeric_iterative_imputer=lightgbm, date_features=None, ignore_features=None, normalize=False, normalize_method=zscore, transformation=False, transformation_method=yeo-johnson, handle_unknown_categorical=True, unknown_categorical_method=least_frequent, pca=False, pca_method=linear, pca_components=None, ignore_low_variance=False, combine_rare_levels=False, rare_level_threshold=0.1, bin_numeric_features=None, remove_outliers=False, outliers_threshold=0.05, remove_multicollinearity=False, multicollinearity_threshold=0.9, remove_perfect_collinearity=False, create_clusters=False, cluster_iter=20, polynomial_features=False, polynomial_degree=2, trigonometry_features=False, polynomial_threshold=0.1, group_features=None, group_names=None, feature_selection=False, feature_selection_threshold=0.8, feature_selection_method=classic, feature_interaction=False, feature_ratio=False, interaction_threshold=0.01, fix_imbalance=False, fix_imbalance_method=None, transform_target=False, transform_target_method=box-cox, data_split_shuffle=False, data_split_stratify=False, fold_strategy=kfold, fold=10, fold_shuffle=False, fold_groups=None, n_jobs=-1, use_gpu=False, custom_pipeline=None, html=True, session_id=123, log_experiment=False, experiment_name=None, log_plots=False, log_profile=False, log_data=False, silent=False, verbose=True, profile=False, profile_kwargs=None, display=None)
2021-12-27 04:11:47,424:INFO:Checking environment
2021-12-27 04:11:47,424:INFO:python_version: 3.8.12
2021-12-27 04:11:47,424:INFO:python_build: ('default', 'Oct 12 2021 06:23:56')
2021-12-27 04:11:47,424:INFO:machine: x86_64
2021-12-27 04:11:47,424:INFO:platform: macOS-10.16-x86_64-i386-64bit
2021-12-27 04:11:47,424:INFO:Memory: svmem(total=17179869184, available=5971673088, percent=65.2, used=8685031424, free=141357056, active=5832241152, inactive=5600653312, wired=2852790272)
2021-12-27 04:11:47,424:INFO:Physical Core: 4
2021-12-27 04:11:47,424:INFO:Logical Core: 8
2021-12-27 04:11:47,424:INFO:Checking libraries
2021-12-27 04:11:47,424:INFO:pd==1.3.5
2021-12-27 04:11:47,424:INFO:numpy==1.19.5
2021-12-27 04:11:47,424:INFO:sklearn==0.23.2
2021-12-27 04:11:47,425:INFO:lightgbm==3.3.1
2021-12-27 04:11:47,448:INFO:catboost==1.0.3
2021-12-27 04:11:47,552:INFO:xgboost==1.5.1
2021-12-27 04:11:47,981:INFO:mlflow==1.22.0
2021-12-27 04:11:47,981:INFO:Checking Exceptions
2021-12-27 04:11:47,981:INFO:Declaring global variables
2021-12-27 04:11:47,982:INFO:USI: e6a7
2021-12-27 04:11:47,982:INFO:pycaret_globals: {'gpu_param', 'fix_imbalance_param', 'fold_generator', 'fold_groups_param', 'transform_target_method_param', 'USI', 'imputation_classifier', 'logging_param', 'imputation_regressor', 'html_param', 'fold_param', 'stratify_param', 'log_plots_param', '_internal_pipeline', 'n_jobs_param', 'pycaret_globals', 'display_container', '_available_plots', 'fold_shuffle_param', '_gpu_n_jobs_param', 'data_before_preprocess', 'fix_imbalance_method_param', 'experiment__', 'fold_groups_param_full', 'target_param', 'master_model_container', 'prep_pipe', 'iterative_imputation_iters_param', 'X', 'create_model_container', 'exp_name_log', 'seed', '_all_models', '_ml_usecase', 'transform_target_param', '_all_models_internal', '_all_metrics'}
2021-12-27 04:11:47,982:INFO:Preparing display monitor
2021-12-27 04:11:47,982:INFO:Preparing display monitor
2021-12-27 04:11:47,995:INFO:Importing libraries
2021-12-27 04:11:47,995:INFO:Copying data for preprocessing
2021-12-27 04:11:48,003:INFO:Declaring preprocessing parameters
2021-12-27 04:11:48,008:INFO:Creating preprocessing pipeline
2021-12-27 04:11:48,012:INFO:Preprocessing pipeline created successfully
2021-12-27 04:11:48,012:ERROR:(Process Exit): setup has been interupted with user command 'quit'. setup must rerun.
2021-12-27 04:11:48,012:INFO:Creating global containers
2021-12-27 04:11:48,014:INFO:Internal pipeline: Pipeline(memory=None, steps=[('empty_step', 'passthrough')], verbose=False)
2021-12-27 04:11:49,463:INFO:Creating grid variables
2021-12-27 04:11:49,478:INFO:create_model_container: 0
2021-12-27 04:11:49,478:INFO:master_model_container: 0
2021-12-27 04:11:49,479:INFO:display_container: 1
2021-12-27 04:11:49,486:INFO:Pipeline(memory=None,
         steps=[('dtypes',
                 DataTypes_Auto_infer(categorical_features=[],
                                      display_types=True, features_todrop=[],
                                      id_columns=[], ml_usecase='regression',
                                      numerical_features=[],
                                      target='UNSUPERVISED_DUMMY_TARGET',
                                      time_features=[])),
                ('imputer',
                 Simple_Imputer(categorical_strategy='most frequent',
                                fill_value_categorical=None,
                                fill_value_numerical=None...
                ('scaling', 'passthrough'), ('P_transform', 'passthrough'),
                ('binn', 'passthrough'), ('rem_outliers', 'passthrough'),
                ('cluster_all', 'passthrough'),
                ('dummy', Dummify(target='UNSUPERVISED_DUMMY_TARGET')),
                ('fix_perfect', 'passthrough'),
                ('clean_names', Clean_Colum_Names()),
                ('feature_select', 'passthrough'), ('fix_multi', 'passthrough'),
                ('dfs', 'passthrough'), ('pca', 'passthrough')],
         verbose=False)
2021-12-27 04:11:49,486:INFO:setup() succesfully completed......................................
2021-12-27 04:11:49,576:INFO:gpu_param set to False
2021-12-27 04:11:53,493:INFO:gpu_param set to False
2021-12-27 04:12:08,581:INFO:Initializing create_model()
2021-12-27 04:12:08,582:INFO:create_model(estimator=knn, num_clusters=4, fraction=0.05, ground_truth=None, round=4, fit_kwargs=None, verbose=True, system=True, add_to_model_list=True, raise_num_clusters=False, display=None, kwargs={})
2021-12-27 04:12:08,582:INFO:Checking exceptions
2021-12-27 04:12:08,582:INFO:Preparing display monitor
2021-12-27 04:12:08,596:INFO:Importing libraries
2021-12-27 04:12:08,606:INFO:Importing untrained model
2021-12-27 04:12:08,616:INFO:K-Nearest Neighbors Detector Imported succesfully
2021-12-27 04:12:08,628:INFO:Fitting Model
2021-12-27 04:12:08,673:INFO:KNN(algorithm='auto', contamination=0.05, leaf_size=30, method='largest',
  metric='minkowski', metric_params=None, n_jobs=-1, n_neighbors=5, p=2,
  radius=1.0)
2021-12-27 04:12:08,674:INFO:create_models() succesfully completed......................................
2021-12-27 04:12:08,675:INFO:Uploading results into container
2021-12-27 04:12:08,677:INFO:Uploading model into container now
2021-12-27 04:12:08,679:INFO:create_model_container: 1
2021-12-27 04:12:08,679:INFO:master_model_container: 1
2021-12-27 04:12:08,679:INFO:display_container: 2
2021-12-27 04:12:08,680:INFO:KNN(algorithm='auto', contamination=0.05, leaf_size=30, method='largest',
  metric='minkowski', metric_params=None, n_jobs=-1, n_neighbors=5, p=2,
  radius=1.0)
2021-12-27 04:12:08,680:INFO:create_model() succesfully completed......................................
2021-12-27 04:12:08,792:INFO:Initializing create_model()
2021-12-27 04:12:08,792:INFO:create_model(estimator=iforest, num_clusters=4, fraction=0.05, ground_truth=None, round=4, fit_kwargs=None, verbose=True, system=True, add_to_model_list=True, raise_num_clusters=False, display=None, kwargs={})
2021-12-27 04:12:08,792:INFO:Checking exceptions
2021-12-27 04:12:08,792:INFO:Preparing display monitor
2021-12-27 04:12:08,810:INFO:Importing libraries
2021-12-27 04:12:08,820:INFO:Importing untrained model
2021-12-27 04:12:08,829:INFO:Isolation Forest Imported succesfully
2021-12-27 04:12:08,842:INFO:Fitting Model
2021-12-27 04:12:09,396:INFO:IForest(behaviour='new', bootstrap=False, contamination=0.05,
    max_features=1.0, max_samples='auto', n_estimators=100, n_jobs=-1,
    random_state=123, verbose=0)
2021-12-27 04:12:09,396:INFO:create_models() succesfully completed......................................
2021-12-27 04:12:09,397:INFO:Uploading results into container
2021-12-27 04:12:09,397:INFO:Uploading model into container now
2021-12-27 04:12:09,398:INFO:create_model_container: 2
2021-12-27 04:12:09,398:INFO:master_model_container: 2
2021-12-27 04:12:09,398:INFO:display_container: 3
2021-12-27 04:12:09,399:INFO:IForest(behaviour='new', bootstrap=False, contamination=0.05,
    max_features=1.0, max_samples='auto', n_estimators=100, n_jobs=-1,
    random_state=123, verbose=0)
2021-12-27 04:12:09,399:INFO:create_model() succesfully completed......................................
2021-12-27 04:12:13,265:INFO:Initializing plot_model()
2021-12-27 04:12:13,265:INFO:plot_model(fold=None, use_train_data=False, verbose=True, is_in_evaluate=False, display=None, display_format=None, estimator=KNN(algorithm='auto', contamination=0.05, leaf_size=30, method='largest',
  metric='minkowski', metric_params=None, n_jobs=-1, n_neighbors=5, p=2,
  radius=1.0), feature_name=None, fit_kwargs=None, groups=None, label=False, plot=tsne, save=False, scale=1, system=True)
2021-12-27 04:12:13,266:INFO:Checking exceptions
2021-12-27 04:12:13,266:INFO:Preparing display monitor
2021-12-27 04:12:13,274:INFO:Preloading libraries
2021-12-27 04:12:13,276:INFO:Copying training dataset
2021-12-27 04:12:13,276:INFO:Plot type: tsne
2021-12-27 04:12:13,278:INFO:SubProcess assign_model() called ==================================
2021-12-27 04:12:13,278:INFO:Initializing assign_model()
2021-12-27 04:12:13,278:INFO:assign_model(model=KNN(algorithm='auto', contamination=0.05, leaf_size=30, method='largest',
  metric='minkowski', metric_params=None, n_jobs=-1, n_neighbors=5, p=2,
  radius=1.0), transformation=True, score=False, verbose=False)
2021-12-27 04:12:13,278:INFO:Checking exceptions
2021-12-27 04:12:13,279:INFO:Determining Trained Model
2021-12-27 04:12:13,279:INFO:Trained Model : K-Nearest Neighbors Detector
2021-12-27 04:12:13,279:INFO:Copying data
2021-12-27 04:12:13,280:INFO:Transformation param set to True. Assigned clusters are attached on transformed dataset.
2021-12-27 04:12:13,281:INFO:(2500, 2)
2021-12-27 04:12:13,281:INFO:assign_model() succesfully completed......................................
2021-12-27 04:12:13,281:INFO:SubProcess assign_model() end ==================================
2021-12-27 04:12:13,284:INFO:Getting dummies to cast categorical variables
2021-12-27 04:12:13,284:INFO:Fitting TSNE()
2021-12-27 04:12:25,222:INFO:Rendering Visual
2021-12-27 04:12:25,783:INFO:Visual Rendered Successfully
2021-12-27 04:12:25,871:INFO:plot_model() succesfully completed......................................
2021-12-27 04:13:05,621:INFO:Initializing create_model()
2021-12-27 04:13:05,621:INFO:create_model(estimator=knn, num_clusters=4, fraction=0.05, ground_truth=None, round=4, fit_kwargs=None, verbose=True, system=True, add_to_model_list=True, raise_num_clusters=False, display=None, kwargs={})
2021-12-27 04:13:05,622:INFO:Checking exceptions
2021-12-27 04:13:05,622:INFO:Preparing display monitor
2021-12-27 04:13:05,638:INFO:Importing libraries
2021-12-27 04:13:05,651:INFO:Importing untrained model
2021-12-27 04:13:05,662:INFO:K-Nearest Neighbors Detector Imported succesfully
2021-12-27 04:13:05,676:INFO:Fitting Model
2021-12-27 04:13:05,697:INFO:KNN(algorithm='auto', contamination=0.05, leaf_size=30, method='largest',
  metric='minkowski', metric_params=None, n_jobs=-1, n_neighbors=5, p=2,
  radius=1.0)
2021-12-27 04:13:05,697:INFO:create_models() succesfully completed......................................
2021-12-27 04:13:05,697:INFO:Uploading results into container
2021-12-27 04:13:05,698:INFO:Uploading model into container now
2021-12-27 04:13:05,699:INFO:create_model_container: 3
2021-12-27 04:13:05,699:INFO:master_model_container: 3
2021-12-27 04:13:05,699:INFO:display_container: 4
2021-12-27 04:13:05,699:INFO:KNN(algorithm='auto', contamination=0.05, leaf_size=30, method='largest',
  metric='minkowski', metric_params=None, n_jobs=-1, n_neighbors=5, p=2,
  radius=1.0)
2021-12-27 04:13:05,700:INFO:create_model() succesfully completed......................................
2021-12-27 04:13:05,796:INFO:Initializing create_model()
2021-12-27 04:13:05,796:INFO:create_model(estimator=iforest, num_clusters=4, fraction=0.05, ground_truth=None, round=4, fit_kwargs=None, verbose=True, system=True, add_to_model_list=True, raise_num_clusters=False, display=None, kwargs={})
2021-12-27 04:13:05,796:INFO:Checking exceptions
2021-12-27 04:13:05,796:INFO:Preparing display monitor
2021-12-27 04:13:05,811:INFO:Importing libraries
2021-12-27 04:13:05,823:INFO:Importing untrained model
2021-12-27 04:13:05,834:INFO:Isolation Forest Imported succesfully
2021-12-27 04:13:05,848:INFO:Fitting Model
2021-12-27 04:13:06,414:INFO:IForest(behaviour='new', bootstrap=False, contamination=0.05,
    max_features=1.0, max_samples='auto', n_estimators=100, n_jobs=-1,
    random_state=123, verbose=0)
2021-12-27 04:13:06,414:INFO:create_models() succesfully completed......................................
2021-12-27 04:13:06,414:INFO:Uploading results into container
2021-12-27 04:13:06,415:INFO:Uploading model into container now
2021-12-27 04:13:06,416:INFO:create_model_container: 4
2021-12-27 04:13:06,416:INFO:master_model_container: 4
2021-12-27 04:13:06,416:INFO:display_container: 5
2021-12-27 04:13:06,416:INFO:IForest(behaviour='new', bootstrap=False, contamination=0.05,
    max_features=1.0, max_samples='auto', n_estimators=100, n_jobs=-1,
    random_state=123, verbose=0)
2021-12-27 04:13:06,416:INFO:create_model() succesfully completed......................................
2021-12-27 04:13:56,478:INFO:Initializing plot_model()
2021-12-27 04:13:56,498:INFO:plot_model(fold=None, use_train_data=False, verbose=True, is_in_evaluate=False, display=None, display_format=None, estimator=KNN(algorithm='auto', contamination=0.05, leaf_size=30, method='largest',
  metric='minkowski', metric_params=None, n_jobs=-1, n_neighbors=5, p=2,
  radius=1.0), feature_name=None, fit_kwargs=None, groups=None, label=False, plot=umap, save=False, scale=1, system=True)
2021-12-27 04:13:56,498:INFO:Checking exceptions
2021-12-27 04:13:56,498:INFO:Preparing display monitor
2021-12-27 04:13:56,531:INFO:Preloading libraries
2021-12-27 04:13:56,533:INFO:Copying training dataset
2021-12-27 04:13:56,534:INFO:Plot type: umap
2021-12-27 04:13:56,537:INFO:SubProcess assign_model() called ==================================
2021-12-27 04:13:56,537:INFO:Initializing assign_model()
2021-12-27 04:13:56,538:INFO:assign_model(model=KNN(algorithm='auto', contamination=0.05, leaf_size=30, method='largest',
  metric='minkowski', metric_params=None, n_jobs=-1, n_neighbors=5, p=2,
  radius=1.0), transformation=True, score=False, verbose=False)
2021-12-27 04:13:56,538:INFO:Checking exceptions
2021-12-27 04:13:56,538:INFO:Determining Trained Model
2021-12-27 04:13:56,539:INFO:Trained Model : K-Nearest Neighbors Detector
2021-12-27 04:13:56,539:INFO:Copying data
2021-12-27 04:13:56,540:INFO:Transformation param set to True. Assigned clusters are attached on transformed dataset.
2021-12-27 04:13:56,541:INFO:(2500, 2)
2021-12-27 04:13:56,541:INFO:assign_model() succesfully completed......................................
2021-12-27 04:13:56,541:INFO:SubProcess assign_model() end ==================================
2021-12-27 04:14:09,690:INFO:Fitting UMAP()
2021-12-27 04:14:37,226:INFO:Rendering Visual
2021-12-27 04:14:37,338:INFO:Visual Rendered Successfully
2021-12-27 04:14:37,531:INFO:plot_model() succesfully completed......................................
